C51 COMPILER V9.60.0.0   IIC                                                               11/04/2021 22:17:20 PAGE 1   


C51 COMPILER V9.60.0.0, COMPILATION OF MODULE IIC
OBJECT MODULE PLACED IN .\Objects\IIC.obj
COMPILER INVOKED BY: C:\Keil_v5\C51\BIN\C51.EXE IIC.c OPTIMIZE(8,SPEED) BROWSE INCDIR(C:\Keil_v5\C51) DEBUG OBJECTEXTEND
                    - PRINT(.\Listings\IIC.lst) TABS(2) OBJECT(.\Objects\IIC.obj)

line level    source

   1          #include "IIC.h"
   2          
   3          void IIC_Init()
   4          {
   5   1        P_SW2 |= 0xb0;   // SCL(3.2) SDA(3.3)
   6   1          I2CCFG = 0xe0;  //开启iic 主机模式 最高速度
   7   1        I2CMSST = 0x00; //关中断 待机模式
   8   1      }
   9          
  10          void IIC_Wait()  //等待
  11          {
  12   1          while (!(I2CMSST & 0x40));
  13   1          I2CMSST &= ~0x40;
  14   1      }
  15          void IIC_Start()
  16          {
  17   1          I2CMSCR = 0x01;     //发送START命令
  18   1          IIC_Wait();
  19   1      }
  20          
  21          void IIC_Stop()
  22          {
  23   1          I2CMSCR = 0x06;     //发送STOP命令
  24   1          IIC_Wait();
  25   1      }
  26          
  27          void IIC_Wait_Ack()
  28          {
  29   1          I2CMSST = 0x00;                             //设置ACK信号
  30   1          I2CMSCR = 0x05;                             //发送ACK命令
  31   1          IIC_Wait();
  32   1      }
  33          
  34          void IIC_Wait_NAck()
  35          {
  36   1          I2CMSST = 0x01;                             //设置NACK信号
  37   1          I2CMSCR = 0x05;                             //发送ACK命令
  38   1          IIC_Wait();
  39   1      }
  40          
  41          u8 Read_IIC_Byte(u8 ack_flag)
  42          {
  43   1        I2CMSCR = 0x04;
  44   1      
  45   1        if(ack_flag)
  46   1        {
  47   2           I2CMSST = 0x00;                             //设置ACK信号
  48   2            I2CMSCR = 0x05;                             //发送ACK命令
  49   2        }
  50   1        else
  51   1        {
  52   2         I2CMSST = 0x01;                             //设置NACK信号
  53   2          I2CMSCR = 0x05;                             //发送ACK命令
  54   2        }
C51 COMPILER V9.60.0.0   IIC                                                               11/04/2021 22:17:20 PAGE 2   

  55   1           IIC_Wait(); 
  56   1          return I2CRXD;
  57   1      
  58   1      }
  59          
  60          void Write_IIC_Byte(u8 dat)
  61          {
  62   1          I2CTXD = dat;         //写数据到数据缓冲区
  63   1          I2CMSCR = 0x02;       //发送SEND命令
  64   1          IIC_Wait();
  65   1      }
  66          
  67          void Write_IIC_Command(u8 IIC_Command)
  68          {
  69   1         IIC_Start();
  70   1         Write_IIC_Byte(0x78);            //Slave address,SA0=0
  71   1        IIC_Wait_Ack(); 
  72   1         Write_IIC_Byte(0x00);      //write command
  73   1        IIC_Wait_Ack(); 
  74   1         Write_IIC_Byte(IIC_Command); 
  75   1        IIC_Wait_Ack(); 
  76   1         IIC_Stop();
  77   1      }
  78          
  79          void Write_IIC_Data(u8 IIC_Data)
  80          {
  81   1         IIC_Start();
  82   1         Write_IIC_Byte(0x78);      //D/C#=0; R/W#=0
  83   1        IIC_Wait_Ack(); 
  84   1         Write_IIC_Byte(0x40);      //write data
  85   1        IIC_Wait_Ack(); 
  86   1         Write_IIC_Byte(IIC_Data);
  87   1        IIC_Wait_Ack(); 
  88   1         IIC_Stop();
  89   1      }


MODULE INFORMATION:   STATIC OVERLAYABLE
   CODE SIZE        =    168    ----
   CONSTANT SIZE    =   ----    ----
   XDATA SIZE       =   ----    ----
   PDATA SIZE       =   ----    ----
   DATA SIZE        =   ----    ----
   IDATA SIZE       =   ----    ----
   BIT SIZE         =   ----    ----
END OF MODULE INFORMATION.


C51 COMPILATION COMPLETE.  0 WARNING(S),  0 ERROR(S)
