C51 COMPILER V9.60.0.0   PWM                                                               11/04/2021 22:17:19 PAGE 1   


C51 COMPILER V9.60.0.0, COMPILATION OF MODULE PWM
OBJECT MODULE PLACED IN .\Objects\pwm.obj
COMPILER INVOKED BY: C:\Keil_v5\C51\BIN\C51.EXE pwm.c OPTIMIZE(8,SPEED) BROWSE INCDIR(C:\Keil_v5\C51) DEBUG OBJECTEXTEND
                    - PRINT(.\Listings\pwm.lst) TABS(2) OBJECT(.\Objects\pwm.obj)

line level    source

   1          #include "pwm.h"
   2          
   3          #define CYCLE 0x7fff
   4          
   5          void Pwm_Init()//io最多八个，输入0-7
   6          {
   7   1          P_SW2 |= EAXFR;
   8   1          PWMCKS = 0x00;
   9   1          PWMC = CYCLE;
  10   1      
  11   1              PWM0T1 = 0x0000;
  12   1              PWM0T2 = 0x0001;
  13   1              PWM0CR = 0x80;
  14   1      
  15   1              PWM1T1 = 0x0000;
  16   1              PWM1T2 = 0x0001;
  17   1              PWM1CR = 0x80;
  18   1      
  19   1              PWM2T1 = 0x0000;
  20   1              PWM2T2 = 0x0001;
  21   1              PWM2CR = 0x80;
  22   1      
  23   1              PWM3T1 = 0x0000;
  24   1              PWM3T2 = 0x0001;
  25   1              PWM3CR = 0x80;
  26   1      
  27   1              PWM4T1 = 0x0000;
  28   1              PWM4T2 = 0x0001;
  29   1              PWM4CR = 0x80;
  30   1      
  31   1              PWM5T1 = 0x0000;
  32   1              PWM5T2 = 0x0001;
  33   1              PWM5CR = 0x80;
  34   1      
  35   1              PWM6T1 = 0x0000;
  36   1              PWM6T2 = 0x0001;
  37   1              PWM6CR = 0x80;
  38   1      
  39   1              PWM7T1 = 0x0000;
  40   1              PWM7T2 = 0x0001;
  41   1              PWM7CR = 0x80;
  42   1      
  43   1          P_SW2 &= ~EAXFR;
  44   1          PWMCR = 0xc0;
  45   1          EA = 1;
  46   1      }
  47          


MODULE INFORMATION:   STATIC OVERLAYABLE
   CODE SIZE        =    155    ----
   CONSTANT SIZE    =   ----    ----
   XDATA SIZE       =   ----    ----
   PDATA SIZE       =   ----    ----
C51 COMPILER V9.60.0.0   PWM                                                               11/04/2021 22:17:19 PAGE 2   

   DATA SIZE        =   ----    ----
   IDATA SIZE       =   ----    ----
   BIT SIZE         =   ----    ----
END OF MODULE INFORMATION.


C51 COMPILATION COMPLETE.  0 WARNING(S),  0 ERROR(S)
